<?xml version="1.0" encoding="UTF-8"?>
<!-- Generated by org.testng.reporters.JUnitReportReporter -->
<testsuite hostname="DESKTOP-C6KTL7Q" failures="0" tests="1" name="leads_module.ToCreateALeadTest" time="15.486" errors="0" timestamp="13 Feb 2024 15:34:35 GMT" skipped="0">
  <testcase classname="leads_module.ToCreateALeadTest" name="toCreateALeadAndToVerifyTheLeadDetails" time="15.486"/>
</testsuite> <!-- leads_module.ToCreateALeadTest -->
