<?xml version="1.0" encoding="UTF-8"?>
<!-- Generated by org.testng.reporters.JUnitReportReporter -->
<testsuite hostname="DESKTOP-C6KTL7Q" failures="0" tests="1" name="opportunities_module.CreateOpportunitiesTest" time="35.508" errors="0" timestamp="13 Feb 2024 16:54:51 GMT" skipped="0">
  <testcase classname="opportunities_module.CreateOpportunitiesTest" name="createOpportunitiesWithOrganizationNameAndCampaignNameAndVerifyTest" time="35.508"/>
</testsuite> <!-- opportunities_module.CreateOpportunitiesTest -->
